<?xml version="1.0" encoding="UTF-8"?>
<!-- Generated by org.testng.reporters.JUnitReportReporter -->
<testsuite ignored="0" hostname="DESKTOP-GAP7KA5" failures="0" tests="1" name="testcases.AddCollection" time="17.465" errors="0" timestamp="05 Nov 2021 09:22:03 GMT" skipped="0">
  <testcase classname="testcases.AddCollection" name="AddCollectionTest" time="17.465"/>
</testsuite> <!-- testcases.AddCollection -->
