<?xml version="1.0" encoding="UTF-8"?>
<!-- Generated by org.testng.reporters.JUnitReportReporter -->
<testsuite ignored="0" hostname="DESKTOP-GAP7KA5" failures="0" tests="1" name="testcases.SearchBook" time="11.806" errors="0" timestamp="05 Nov 2021 17:08:48 GMT" skipped="0">
  <testcase classname="testcases.SearchBook" name="SearchBookTest" time="11.806"/>
</testsuite> <!-- testcases.SearchBook -->
