<?xml version="1.0" encoding="UTF-8"?>
<!-- Generated by org.testng.reporters.JUnitReportReporter -->
<testsuite ignored="0" hostname="DESKTOP-GAP7KA5" failures="0" tests="1" name="testcases.DeleteBook" time="79.830" errors="0" timestamp="05 Nov 2021 16:44:45 GMT" skipped="0">
  <testcase classname="testcases.DeleteBook" name="DeleteBookTest" time="79.830"/>
</testsuite> <!-- testcases.DeleteBook -->
